<?xml version="1.0" encoding="UTF-8"?>
<coverage generated="1605638444221" clover="3.2.0">
  <project timestamp="1605638444223" name="All files">
    <metrics statements="57" coveredstatements="36" conditionals="12" coveredconditionals="7" methods="17" coveredmethods="5" elements="86" coveredelements="48" complexity="0" loc="57" ncloc="57" packages="2" files="2" classes="2"/>
    <package name="Components">
      <metrics statements="22" coveredstatements="1" conditionals="4" coveredconditionals="0" methods="12" coveredmethods="0"/>
      <file name="Historique.js" path="C:\Pro\Ephec\3TI\Projet d'Intégration\Projet\projetIntegrationGrp6\ReactNative\Components\Historique.js">
        <metrics statements="22" coveredstatements="1" conditionals="4" coveredconditionals="0" methods="12" coveredmethods="0"/>
        <line num="8" count="0" type="stmt"/>
        <line num="9" count="0" type="stmt"/>
        <line num="17" count="0" type="stmt"/>
        <line num="19" count="0" type="stmt"/>
        <line num="22" count="0" type="stmt"/>
        <line num="27" count="0" type="stmt"/>
        <line num="29" count="0" type="stmt"/>
        <line num="32" count="0" type="stmt"/>
        <line num="37" count="0" type="stmt"/>
        <line num="38" count="0" type="stmt"/>
        <line num="40" count="0" type="cond" truecount="0" falsecount="2"/>
        <line num="41" count="0" type="stmt"/>
        <line num="42" count="0" type="stmt"/>
        <line num="43" count="0" type="stmt"/>
        <line num="46" count="0" type="cond" truecount="0" falsecount="2"/>
        <line num="47" count="0" type="stmt"/>
        <line num="57" count="0" type="stmt"/>
        <line num="65" count="0" type="stmt"/>
        <line num="73" count="0" type="stmt"/>
        <line num="75" count="0" type="stmt"/>
        <line num="85" count="0" type="stmt"/>
        <line num="96" count="1" type="stmt"/>
      </file>
    </package>
    <package name="Functions">
      <metrics statements="35" coveredstatements="35" conditionals="8" coveredconditionals="7" methods="5" coveredmethods="5"/>
      <file name="functionsHistorique.js" path="C:\Pro\Ephec\3TI\Projet d'Intégration\Projet\projetIntegrationGrp6\ReactNative\Functions\functionsHistorique.js">
        <metrics statements="35" coveredstatements="35" conditionals="8" coveredconditionals="7" methods="5" coveredmethods="5"/>
        <line num="2" count="1" type="stmt"/>
        <line num="3" count="1" type="stmt"/>
        <line num="4" count="1" type="stmt"/>
        <line num="5" count="1" type="stmt"/>
        <line num="6" count="1" type="stmt"/>
        <line num="7" count="1" type="stmt"/>
        <line num="8" count="1" type="stmt"/>
        <line num="9" count="1" type="stmt"/>
        <line num="10" count="1" type="stmt"/>
        <line num="11" count="1" type="stmt"/>
        <line num="12" count="1" type="stmt"/>
        <line num="13" count="1" type="stmt"/>
        <line num="14" count="1" type="stmt"/>
        <line num="15" count="1" type="stmt"/>
        <line num="16" count="1" type="stmt"/>
        <line num="17" count="1" type="stmt"/>
        <line num="18" count="1" type="stmt"/>
        <line num="19" count="1" type="stmt"/>
        <line num="23" count="1" type="stmt"/>
        <line num="24" count="1" type="cond" truecount="1" falsecount="1"/>
        <line num="25" count="1" type="stmt"/>
        <line num="26" count="1" type="stmt"/>
        <line num="32" count="2" type="stmt"/>
        <line num="39" count="2" type="stmt"/>
        <line num="47" count="2" type="cond" truecount="2" falsecount="0"/>
        <line num="48" count="1" type="stmt"/>
        <line num="50" count="1" type="stmt"/>
        <line num="55" count="2" type="stmt"/>
        <line num="62" count="2" type="stmt"/>
        <line num="69" count="2" type="cond" truecount="2" falsecount="0"/>
        <line num="70" count="1" type="stmt"/>
        <line num="72" count="1" type="stmt"/>
        <line num="77" count="2" type="cond" truecount="2" falsecount="0"/>
        <line num="78" count="1" type="stmt"/>
        <line num="80" count="1" type="stmt"/>
      </file>
    </package>
  </project>
</coverage>
