{"C:\\Pro\\Ephec\\3TI\\Projet d'Intégration\\Projet\\projetIntegrationGrp6\\ReactNative\\Components\\Historique.js": {"path":"C:\\Pro\\Ephec\\3TI\\Projet d'Intégration\\Projet\\projetIntegrationGrp6\\ReactNative\\Components\\Historique.js","statementMap":{"0":{"start":{"line":7,"column":4},"end":{"line":7,"column":16}},"1":{"start":{"line":8,"column":4},"end":{"line":12,"column":5}},"2":{"start":{"line":16,"column":4},"end":{"line":22,"column":4}},"3":{"start":{"line":18,"column":6},"end":{"line":18,"column":38}},"4":{"start":{"line":21,"column":6},"end":{"line":21,"column":24}},"5":{"start":{"line":26,"column":4},"end":{"line":33,"column":4}},"6":{"start":{"line":29,"column":6},"end":{"line":29,"column":55}},"7":{"start":{"line":32,"column":6},"end":{"line":32,"column":24}},"8":{"start":{"line":37,"column":23},"end":{"line":37,"column":25}},"9":{"start":{"line":38,"column":4},"end":{"line":38,"column":28}},"10":{"start":{"line":39,"column":4},"end":{"line":39,"column":28}},"11":{"start":{"line":40,"column":4},"end":{"line":40,"column":24}},"12":{"start":{"line":41,"column":4},"end":{"line":41,"column":28}},"13":{"start":{"line":42,"column":4},"end":{"line":42,"column":28}},"14":{"start":{"line":43,"column":4},"end":{"line":43,"column":24}},"15":{"start":{"line":44,"column":4},"end":{"line":44,"column":28}},"16":{"start":{"line":45,"column":4},"end":{"line":45,"column":28}},"17":{"start":{"line":46,"column":4},"end":{"line":46,"column":28}},"18":{"start":{"line":47,"column":4},"end":{"line":47,"column":28}},"19":{"start":{"line":48,"column":4},"end":{"line":48,"column":24}},"20":{"start":{"line":49,"column":4},"end":{"line":49,"column":29}},"21":{"start":{"line":50,"column":4},"end":{"line":50,"column":29}},"22":{"start":{"line":51,"column":4},"end":{"line":51,"column":24}},"23":{"start":{"line":52,"column":4},"end":{"line":52,"column":29}},"24":{"start":{"line":53,"column":4},"end":{"line":53,"column":29}},"25":{"start":{"line":54,"column":4},"end":{"line":54,"column":24}},"26":{"start":{"line":58,"column":4},"end":{"line":63,"column":5}},"27":{"start":{"line":58,"column":14},"end":{"line":58,"column":15}},"28":{"start":{"line":59,"column":6},"end":{"line":62,"column":7}},"29":{"start":{"line":60,"column":24},"end":{"line":60,"column":90}},"30":{"start":{"line":61,"column":8},"end":{"line":61,"column":25}},"31":{"start":{"line":67,"column":4},"end":{"line":71,"column":5}},"32":{"start":{"line":68,"column":6},"end":{"line":68,"column":33}},"33":{"start":{"line":70,"column":6},"end":{"line":70,"column":35}},"34":{"start":{"line":75,"column":4},"end":{"line":79,"column":5}},"35":{"start":{"line":76,"column":6},"end":{"line":76,"column":30}},"36":{"start":{"line":78,"column":6},"end":{"line":78,"column":32}},"37":{"start":{"line":83,"column":4},"end":{"line":87,"column":5}},"38":{"start":{"line":84,"column":6},"end":{"line":84,"column":24}},"39":{"start":{"line":86,"column":6},"end":{"line":86,"column":24}},"40":{"start":{"line":91,"column":24},"end":{"line":91,"column":59}},"41":{"start":{"line":92,"column":21},"end":{"line":92,"column":53}},"42":{"start":{"line":94,"column":4},"end":{"line":146,"column":5}},"43":{"start":{"line":95,"column":6},"end":{"line":95,"column":32}},"44":{"start":{"line":96,"column":6},"end":{"line":96,"column":22}},"45":{"start":{"line":97,"column":6},"end":{"line":97,"column":36}},"46":{"start":{"line":100,"column":6},"end":{"line":145,"column":7}},"47":{"start":{"line":101,"column":8},"end":{"line":116,"column":10}},"48":{"start":{"line":111,"column":31},"end":{"line":111,"column":61}},"49":{"start":{"line":119,"column":8},"end":{"line":144,"column":10}},"50":{"start":{"line":127,"column":38},"end":{"line":127,"column":56}},"51":{"start":{"line":129,"column":16},"end":{"line":133,"column":23}},"52":{"start":{"line":139,"column":33},"end":{"line":139,"column":63}},"53":{"start":{"line":150,"column":15},"end":{"line":197,"column":2}}},"fnMap":{"0":{"name":"(anonymous_0)","decl":{"start":{"line":6,"column":2},"end":{"line":6,"column":3}},"loc":{"start":{"line":6,"column":20},"end":{"line":13,"column":3}},"line":6},"1":{"name":"(anonymous_1)","decl":{"start":{"line":15,"column":2},"end":{"line":15,"column":3}},"loc":{"start":{"line":15,"column":18},"end":{"line":23,"column":3}},"line":15},"2":{"name":"(anonymous_2)","decl":{"start":{"line":17,"column":10},"end":{"line":17,"column":11}},"loc":{"start":{"line":17,"column":17},"end":{"line":19,"column":5}},"line":17},"3":{"name":"(anonymous_3)","decl":{"start":{"line":20,"column":11},"end":{"line":20,"column":12}},"loc":{"start":{"line":20,"column":20},"end":{"line":22,"column":3}},"line":20},"4":{"name":"(anonymous_4)","decl":{"start":{"line":25,"column":2},"end":{"line":25,"column":3}},"loc":{"start":{"line":25,"column":13},"end":{"line":34,"column":3}},"line":25},"5":{"name":"(anonymous_5)","decl":{"start":{"line":27,"column":10},"end":{"line":27,"column":11}},"loc":{"start":{"line":27,"column":17},"end":{"line":30,"column":5}},"line":27},"6":{"name":"(anonymous_6)","decl":{"start":{"line":31,"column":11},"end":{"line":31,"column":12}},"loc":{"start":{"line":31,"column":20},"end":{"line":33,"column":3}},"line":31},"7":{"name":"(anonymous_7)","decl":{"start":{"line":36,"column":2},"end":{"line":36,"column":3}},"loc":{"start":{"line":36,"column":22},"end":{"line":55,"column":3}},"line":36},"8":{"name":"(anonymous_8)","decl":{"start":{"line":57,"column":2},"end":{"line":57,"column":3}},"loc":{"start":{"line":57,"column":19},"end":{"line":64,"column":3}},"line":57},"9":{"name":"(anonymous_9)","decl":{"start":{"line":66,"column":2},"end":{"line":66,"column":3}},"loc":{"start":{"line":66,"column":25},"end":{"line":72,"column":3}},"line":66},"10":{"name":"(anonymous_10)","decl":{"start":{"line":74,"column":2},"end":{"line":74,"column":3}},"loc":{"start":{"line":74,"column":24},"end":{"line":80,"column":3}},"line":74},"11":{"name":"(anonymous_11)","decl":{"start":{"line":82,"column":2},"end":{"line":82,"column":3}},"loc":{"start":{"line":82,"column":26},"end":{"line":88,"column":3}},"line":82},"12":{"name":"(anonymous_12)","decl":{"start":{"line":90,"column":2},"end":{"line":90,"column":3}},"loc":{"start":{"line":90,"column":11},"end":{"line":147,"column":3}},"line":90},"13":{"name":"(anonymous_13)","decl":{"start":{"line":111,"column":25},"end":{"line":111,"column":26}},"loc":{"start":{"line":111,"column":31},"end":{"line":111,"column":61}},"line":111},"14":{"name":"(anonymous_14)","decl":{"start":{"line":127,"column":28},"end":{"line":127,"column":29}},"loc":{"start":{"line":127,"column":38},"end":{"line":127,"column":56}},"line":127},"15":{"name":"(anonymous_15)","decl":{"start":{"line":128,"column":26},"end":{"line":128,"column":27}},"loc":{"start":{"line":129,"column":16},"end":{"line":133,"column":23}},"line":129},"16":{"name":"(anonymous_16)","decl":{"start":{"line":139,"column":27},"end":{"line":139,"column":28}},"loc":{"start":{"line":139,"column":33},"end":{"line":139,"column":63}},"line":139}},"branchMap":{"0":{"loc":{"start":{"line":59,"column":6},"end":{"line":62,"column":7}},"type":"if","locations":[{"start":{"line":59,"column":6},"end":{"line":62,"column":7}},{"start":{"line":59,"column":6},"end":{"line":62,"column":7}}],"line":59},"1":{"loc":{"start":{"line":67,"column":4},"end":{"line":71,"column":5}},"type":"if","locations":[{"start":{"line":67,"column":4},"end":{"line":71,"column":5}},{"start":{"line":67,"column":4},"end":{"line":71,"column":5}}],"line":67},"2":{"loc":{"start":{"line":75,"column":4},"end":{"line":79,"column":5}},"type":"if","locations":[{"start":{"line":75,"column":4},"end":{"line":79,"column":5}},{"start":{"line":75,"column":4},"end":{"line":79,"column":5}}],"line":75},"3":{"loc":{"start":{"line":83,"column":4},"end":{"line":87,"column":5}},"type":"if","locations":[{"start":{"line":83,"column":4},"end":{"line":87,"column":5}},{"start":{"line":83,"column":4},"end":{"line":87,"column":5}}],"line":83},"4":{"loc":{"start":{"line":94,"column":4},"end":{"line":146,"column":5}},"type":"if","locations":[{"start":{"line":94,"column":4},"end":{"line":146,"column":5}},{"start":{"line":94,"column":4},"end":{"line":146,"column":5}}],"line":94},"5":{"loc":{"start":{"line":100,"column":6},"end":{"line":145,"column":7}},"type":"if","locations":[{"start":{"line":100,"column":6},"end":{"line":145,"column":7}},{"start":{"line":100,"column":6},"end":{"line":145,"column":7}}],"line":100}},"s":{"0":10,"1":10,"2":11,"3":0,"4":0,"5":11,"6":0,"7":0,"8":1,"9":1,"10":1,"11":1,"12":1,"13":1,"14":1,"15":1,"16":1,"17":1,"18":1,"19":1,"20":1,"21":1,"22":1,"23":1,"24":1,"25":1,"26":1,"27":1,"28":1,"29":1,"30":1,"31":2,"32":1,"33":1,"34":2,"35":1,"36":1,"37":2,"38":1,"39":1,"40":15,"41":15,"42":15,"43":11,"44":11,"45":11,"46":4,"47":2,"48":0,"49":2,"50":0,"51":0,"52":0,"53":1},"f":{"0":10,"1":11,"2":0,"3":0,"4":11,"5":0,"6":0,"7":1,"8":1,"9":2,"10":2,"11":2,"12":15,"13":0,"14":0,"15":0,"16":0},"b":{"0":[1,0],"1":[1,1],"2":[1,1],"3":[1,1],"4":[11,4],"5":[2,2]},"_coverageSchema":"1a1c01bbd47fc00a2c39e90264f33305004495a9","hash":"fb6fd441bddcec67614d9c821b93c5c7773eaa7e"}
}
