TN:
SF:Components\Historique.js
FN:7,(anonymous_0)
FN:16,(anonymous_1)
FN:18,(anonymous_2)
FN:21,(anonymous_3)
FN:26,(anonymous_4)
FN:28,(anonymous_5)
FN:31,(anonymous_6)
FN:36,(anonymous_7)
FN:57,(anonymous_8)
FN:73,(anonymous_9)
FN:74,(anonymous_10)
FN:85,(anonymous_11)
FNF:12
FNH:0
FNDA:0,(anonymous_0)
FNDA:0,(anonymous_1)
FNDA:0,(anonymous_2)
FNDA:0,(anonymous_3)
FNDA:0,(anonymous_4)
FNDA:0,(anonymous_5)
FNDA:0,(anonymous_6)
FNDA:0,(anonymous_7)
FNDA:0,(anonymous_8)
FNDA:0,(anonymous_9)
FNDA:0,(anonymous_10)
FNDA:0,(anonymous_11)
DA:8,0
DA:9,0
DA:17,0
DA:19,0
DA:22,0
DA:27,0
DA:29,0
DA:32,0
DA:37,0
DA:38,0
DA:40,0
DA:41,0
DA:42,0
DA:43,0
DA:46,0
DA:47,0
DA:57,0
DA:65,0
DA:73,0
DA:75,0
DA:85,0
DA:96,1
LF:22
LH:1
BRDA:40,0,0,0
BRDA:40,0,1,0
BRDA:46,1,0,0
BRDA:46,1,1,0
BRF:4
BRH:0
end_of_record
TN:
SF:Functions\functionsHistorique.js
FN:1,getDateFormat
FN:22,getNomPrenom
FN:31,getStyleByIntex
FN:54,getActionStyle
FN:76,getActionString
FNF:5
FNH:5
FNDA:1,getDateFormat
FNDA:1,getNomPrenom
FNDA:2,getStyleByIntex
FNDA:2,getActionStyle
FNDA:2,getActionString
DA:2,1
DA:3,1
DA:4,1
DA:5,1
DA:6,1
DA:7,1
DA:8,1
DA:9,1
DA:10,1
DA:11,1
DA:12,1
DA:13,1
DA:14,1
DA:15,1
DA:16,1
DA:17,1
DA:18,1
DA:19,1
DA:23,1
DA:24,1
DA:25,1
DA:26,1
DA:32,2
DA:39,2
DA:47,2
DA:48,1
DA:50,1
DA:55,2
DA:62,2
DA:69,2
DA:70,1
DA:72,1
DA:77,2
DA:78,1
DA:80,1
LF:35
LH:35
BRDA:24,0,0,1
BRDA:24,0,1,0
BRDA:47,1,0,1
BRDA:47,1,1,1
BRDA:69,2,0,1
BRDA:69,2,1,1
BRDA:77,3,0,1
BRDA:77,3,1,1
BRF:8
BRH:7
end_of_record
