TN:
SF:Components\Historique.js
FN:6,(anonymous_0)
FN:15,(anonymous_1)
FN:17,(anonymous_2)
FN:20,(anonymous_3)
FN:25,(anonymous_4)
FN:27,(anonymous_5)
FN:31,(anonymous_6)
FN:36,(anonymous_7)
FN:57,(anonymous_8)
FN:66,(anonymous_9)
FN:74,(anonymous_10)
FN:82,(anonymous_11)
FN:90,(anonymous_12)
FN:111,(anonymous_13)
FN:127,(anonymous_14)
FN:128,(anonymous_15)
FN:139,(anonymous_16)
FNF:17
FNH:9
FNDA:10,(anonymous_0)
FNDA:11,(anonymous_1)
FNDA:0,(anonymous_2)
FNDA:0,(anonymous_3)
FNDA:11,(anonymous_4)
FNDA:0,(anonymous_5)
FNDA:0,(anonymous_6)
FNDA:1,(anonymous_7)
FNDA:1,(anonymous_8)
FNDA:2,(anonymous_9)
FNDA:2,(anonymous_10)
FNDA:2,(anonymous_11)
FNDA:15,(anonymous_12)
FNDA:0,(anonymous_13)
FNDA:0,(anonymous_14)
FNDA:0,(anonymous_15)
FNDA:0,(anonymous_16)
DA:7,10
DA:8,10
DA:16,11
DA:18,0
DA:21,0
DA:26,11
DA:29,0
DA:32,0
DA:37,1
DA:38,1
DA:39,1
DA:40,1
DA:41,1
DA:42,1
DA:43,1
DA:44,1
DA:45,1
DA:46,1
DA:47,1
DA:48,1
DA:49,1
DA:50,1
DA:51,1
DA:52,1
DA:53,1
DA:54,1
DA:58,1
DA:59,1
DA:60,1
DA:61,1
DA:67,2
DA:68,1
DA:70,1
DA:75,2
DA:76,1
DA:78,1
DA:83,2
DA:84,1
DA:86,1
DA:91,15
DA:92,15
DA:94,15
DA:95,11
DA:96,11
DA:97,11
DA:100,4
DA:101,2
DA:111,0
DA:119,2
DA:127,0
DA:129,0
DA:139,0
DA:150,1
LF:53
LH:45
BRDA:59,0,0,1
BRDA:59,0,1,0
BRDA:67,1,0,1
BRDA:67,1,1,1
BRDA:75,2,0,1
BRDA:75,2,1,1
BRDA:83,3,0,1
BRDA:83,3,1,1
BRDA:94,4,0,11
BRDA:94,4,1,4
BRDA:100,5,0,2
BRDA:100,5,1,2
BRF:12
BRH:11
end_of_record
